<?xml version="1.0" encoding="utf-8"?><testsuites><testsuite name="pytest" errors="0" failures="0" skipped="0" tests="10" time="3.341" timestamp="2026-02-02T18:01:43.873408+00:00" hostname="cs-855744163468-default"><testcase classname="tests.test_api" name="test_menu_api" time="0.253" /><testcase classname="tests.test_auth" name="test_register_and_login" time="0.617" /><testcase classname="tests.test_auth" name="test_login_rejects_wrong_password" time="0.517" /><testcase classname="tests.test_cart_api" name="test_cart_add_and_setqty" time="0.116" /><testcase classname="tests.test_i18n" name="test_language_switch_sets_session" time="0.173" /><testcase classname="tests.test_orders" name="test_orders_requires_login" time="0.113" /><testcase classname="tests.test_orders" name="test_place_order_creates_order" time="0.509" /><testcase classname="tests.test_rewards" name="test_rewards_points_increase_after_order" time="0.509" /><testcase classname="tests.test_security" name="test_checkout_requires_login" time="0.131" /><testcase classname="tests.test_security" name="test_cannot_register_duplicate_email" time="0.335" /></testsuite></testsuites>